<?xml version="1.0" encoding="UTF-8"?>
<!-- Generated by org.testng.reporters.JUnitReportReporter -->
<testsuite hostname="L0427" failures="0" tests="3" name="PersonalInfoTestNG" time="11.507" errors="0" timestamp="2021-06-10T17:50:16 CEST" skipped="0">
  <testcase classname="PersonalInfoTestNG" name="LogIn" time="5.523"/>
  <system-out/>
  <testcase classname="PersonalInfoTestNG" name="PersonalInfo" time="5.038"/>
  <system-out/>
  <testcase classname="PersonalInfoTestNG" name="LogOut" time="0.946"/>
  <system-out/>
</testsuite> <!-- PersonalInfoTestNG -->
