<?xml version="1.0" encoding="UTF-8"?>
<!-- Generated by org.testng.reporters.JUnitReportReporter -->
<testsuite hostname="L0427" failures="0" tests="3" name="PersonalInfoTest" time="15.364" errors="0" timestamp="2021-06-21T18:12:02 CEST" skipped="0">
  <testcase classname="PersonalInfoTest" name="LogIn" time="6.193"/>
  <system-out/>
  <testcase classname="PersonalInfoTest" name="PersonalInfo" time="8.104"/>
  <system-out/>
  <testcase classname="PersonalInfoTest" name="LogOut" time="1.067"/>
  <system-out/>
</testsuite> <!-- PersonalInfoTest -->
