<?xml version="1.0" encoding="UTF-8"?>
<testsuite xmlns:xsi="http://www.w3.org/2001/XMLSchema-instance" xsi:noNamespaceSchemaLocation="https://maven.apache.org/surefire/maven-surefire-plugin/xsd/surefire-test-report-3.0.xsd" version="3.0" name="TestSuite" time="108.806" tests="18" errors="0" skipped="4" failures="1">
  <properties>
    <property name="sun.desktop" value="windows"/>
    <property name="awt.toolkit" value="sun.awt.windows.WToolkit"/>
    <property name="file.encoding.pkg" value="sun.io"/>
    <property name="java.specification.version" value="1.8"/>
    <property name="sun.cpu.isalist" value="amd64"/>
    <property name="sun.jnu.encoding" value="Cp1250"/>
    <property name="java.class.path" value="C:\Users\dziekonskit\IdeaProjects\HRProject\target\test-classes;C:\Users\dziekonskit\IdeaProjects\HRProject\target\classes;C:\Users\dziekonskit\.m2\repository\org\seleniumhq\selenium\selenium-java\3.141.59\selenium-java-3.141.59.jar;C:\Users\dziekonskit\.m2\repository\org\seleniumhq\selenium\selenium-api\3.141.59\selenium-api-3.141.59.jar;C:\Users\dziekonskit\.m2\repository\org\seleniumhq\selenium\selenium-chrome-driver\3.141.59\selenium-chrome-driver-3.141.59.jar;C:\Users\dziekonskit\.m2\repository\org\seleniumhq\selenium\selenium-edge-driver\3.141.59\selenium-edge-driver-3.141.59.jar;C:\Users\dziekonskit\.m2\repository\org\seleniumhq\selenium\selenium-firefox-driver\3.141.59\selenium-firefox-driver-3.141.59.jar;C:\Users\dziekonskit\.m2\repository\org\seleniumhq\selenium\selenium-ie-driver\3.141.59\selenium-ie-driver-3.141.59.jar;C:\Users\dziekonskit\.m2\repository\org\seleniumhq\selenium\selenium-opera-driver\3.141.59\selenium-opera-driver-3.141.59.jar;C:\Users\dziekonskit\.m2\repository\org\seleniumhq\selenium\selenium-remote-driver\3.141.59\selenium-remote-driver-3.141.59.jar;C:\Users\dziekonskit\.m2\repository\org\seleniumhq\selenium\selenium-safari-driver\3.141.59\selenium-safari-driver-3.141.59.jar;C:\Users\dziekonskit\.m2\repository\org\seleniumhq\selenium\selenium-support\3.141.59\selenium-support-3.141.59.jar;C:\Users\dziekonskit\.m2\repository\net\bytebuddy\byte-buddy\1.8.15\byte-buddy-1.8.15.jar;C:\Users\dziekonskit\.m2\repository\org\apache\commons\commons-exec\1.3\commons-exec-1.3.jar;C:\Users\dziekonskit\.m2\repository\com\google\guava\guava\25.0-jre\guava-25.0-jre.jar;C:\Users\dziekonskit\.m2\repository\com\google\code\findbugs\jsr305\1.3.9\jsr305-1.3.9.jar;C:\Users\dziekonskit\.m2\repository\org\checkerframework\checker-compat-qual\2.0.0\checker-compat-qual-2.0.0.jar;C:\Users\dziekonskit\.m2\repository\com\google\errorprone\error_prone_annotations\2.1.3\error_prone_annotations-2.1.3.jar;C:\Users\dziekonskit\.m2\repository\com\google\j2objc\j2objc-annotations\1.1\j2objc-annotations-1.1.jar;C:\Users\dziekonskit\.m2\repository\org\codehaus\mojo\animal-sniffer-annotations\1.14\animal-sniffer-annotations-1.14.jar;C:\Users\dziekonskit\.m2\repository\com\squareup\okhttp3\okhttp\3.11.0\okhttp-3.11.0.jar;C:\Users\dziekonskit\.m2\repository\com\squareup\okio\okio\1.14.0\okio-1.14.0.jar;C:\Users\dziekonskit\.m2\repository\org\aspectj\aspectjweaver\1.9.6\aspectjweaver-1.9.6.jar;C:\Users\dziekonskit\.m2\repository\org\testng\testng\7.4.0\testng-7.4.0.jar;C:\Users\dziekonskit\.m2\repository\com\beust\jcommander\1.78\jcommander-1.78.jar;C:\Users\dziekonskit\.m2\repository\org\webjars\jquery\3.5.1\jquery-3.5.1.jar;C:\Users\dziekonskit\.m2\repository\io\qameta\allure\allure-testng\2.14.0\allure-testng-2.14.0.jar;C:\Users\dziekonskit\.m2\repository\io\qameta\allure\allure-java-commons\2.14.0\allure-java-commons-2.14.0.jar;C:\Users\dziekonskit\.m2\repository\io\qameta\allure\allure-model\2.14.0\allure-model-2.14.0.jar;C:\Users\dziekonskit\.m2\repository\org\apache\tika\tika-core\1.26\tika-core-1.26.jar;C:\Users\dziekonskit\.m2\repository\org\jooq\joor-java-8\0.9.14\joor-java-8-0.9.14.jar;C:\Users\dziekonskit\.m2\repository\io\qameta\allure\allure-test-filter\2.14.0\allure-test-filter-2.14.0.jar;C:\Users\dziekonskit\.m2\repository\io\github\bonigarcia\webdrivermanager\4.2.2\webdrivermanager-4.2.2.jar;C:\Users\dziekonskit\.m2\repository\org\slf4j\slf4j-api\1.7.30\slf4j-api-1.7.30.jar;C:\Users\dziekonskit\.m2\repository\com\google\code\gson\gson\2.8.6\gson-2.8.6.jar;C:\Users\dziekonskit\.m2\repository\org\apache\commons\commons-lang3\3.11\commons-lang3-3.11.jar;C:\Users\dziekonskit\.m2\repository\org\apache\httpcomponents\client5\httpclient5\5.0.1\httpclient5-5.0.1.jar;C:\Users\dziekonskit\.m2\repository\org\apache\httpcomponents\core5\httpcore5\5.0.1\httpcore5-5.0.1.jar;C:\Users\dziekonskit\.m2\repository\org\apache\httpcomponents\core5\httpcore5-h2\5.0.1\httpcore5-h2-5.0.1.jar;C:\Users\dziekonskit\.m2\repository\commons-codec\commons-codec\1.13\commons-codec-1.13.jar;C:\Users\dziekonskit\.m2\repository\org\rauschig\jarchivelib\1.1.0\jarchivelib-1.1.0.jar;C:\Users\dziekonskit\.m2\repository\org\apache\commons\commons-compress\1.20\commons-compress-1.20.jar;C:\Users\dziekonskit\.m2\repository\org\jsoup\jsoup\1.13.1\jsoup-1.13.1.jar;C:\Users\dziekonskit\.m2\repository\com\aventstack\extentreports\3.1.5\extentreports-3.1.5.jar;C:\Users\dziekonskit\.m2\repository\org\freemarker\freemarker\2.3.23\freemarker-2.3.23.jar;C:\Users\dziekonskit\.m2\repository\org\mongodb\mongodb-driver\3.3.0\mongodb-driver-3.3.0.jar;C:\Users\dziekonskit\.m2\repository\org\mongodb\bson\3.3.0\bson-3.3.0.jar;C:\Users\dziekonskit\.m2\repository\org\mongodb\mongodb-driver-core\3.3.0\mongodb-driver-core-3.3.0.jar;C:\Users\dziekonskit\.m2\repository\org\apache\httpcomponents\httpclient\4.5.2\httpclient-4.5.2.jar;C:\Users\dziekonskit\.m2\repository\org\apache\httpcomponents\httpcore\4.4.4\httpcore-4.4.4.jar;C:\Users\dziekonskit\.m2\repository\commons-logging\commons-logging\1.2\commons-logging-1.2.jar;C:\Users\dziekonskit\.m2\repository\org\apache\httpcomponents\httpmime\4.5.2\httpmime-4.5.2.jar;C:\Users\dziekonskit\.m2\repository\commons-io\commons-io\2.4\commons-io-2.4.jar;C:\Users\dziekonskit\.m2\repository\log4j\log4j\1.2.17\log4j-1.2.17.jar;C:\Users\dziekonskit\.m2\repository\org\assertj\assertj-core\3.19.0\assertj-core-3.19.0.jar;C:\Users\dziekonskit\.m2\repository\org\slf4j\slf4j-simple\1.8.0-beta4\slf4j-simple-1.8.0-beta4.jar;C:\Users\dziekonskit\.m2\repository\io\cucumber\cucumber-testng\6.11.0\cucumber-testng-6.11.0.jar;C:\Users\dziekonskit\.m2\repository\org\apiguardian\apiguardian-api\1.1.2\apiguardian-api-1.1.2.jar;C:\Users\dziekonskit\.m2\repository\io\cucumber\cucumber-core\6.11.0\cucumber-core-6.11.0.jar;C:\Users\dziekonskit\.m2\repository\io\cucumber\cucumber-gherkin\6.11.0\cucumber-gherkin-6.11.0.jar;C:\Users\dziekonskit\.m2\repository\io\cucumber\cucumber-gherkin-messages\6.11.0\cucumber-gherkin-messages-6.11.0.jar;C:\Users\dziekonskit\.m2\repository\io\cucumber\messages\15.0.0\messages-15.0.0.jar;C:\Users\dziekonskit\.m2\repository\io\cucumber\tag-expressions\3.0.1\tag-expressions-3.0.1.jar;C:\Users\dziekonskit\.m2\repository\io\cucumber\cucumber-expressions\10.3.0\cucumber-expressions-10.3.0.jar;C:\Users\dziekonskit\.m2\repository\io\cucumber\datatable\3.5.0\datatable-3.5.0.jar;C:\Users\dziekonskit\.m2\repository\io\cucumber\cucumber-plugin\6.11.0\cucumber-plugin-6.11.0.jar;C:\Users\dziekonskit\.m2\repository\io\cucumber\docstring\6.11.0\docstring-6.11.0.jar;C:\Users\dziekonskit\.m2\repository\io\cucumber\html-formatter\13.0.0\html-formatter-13.0.0.jar;C:\Users\dziekonskit\.m2\repository\io\cucumber\create-meta\4.0.0\create-meta-4.0.0.jar;C:\Users\dziekonskit\.m2\repository\io\cucumber\cucumber-java\6.11.0\cucumber-java-6.11.0.jar;C:\Users\dziekonskit\.m2\repository\info\cukes\cucumber-jvm-deps\1.0.5\cucumber-jvm-deps-1.0.5.jar;C:\Users\dziekonskit\.m2\repository\net\masterthought\cucumber-reporting\5.0.2\cucumber-reporting-5.0.2.jar;C:\Users\dziekonskit\.m2\repository\com\fasterxml\jackson\core\jackson-databind\2.10.1\jackson-databind-2.10.1.jar;C:\Users\dziekonskit\.m2\repository\com\fasterxml\jackson\core\jackson-annotations\2.10.1\jackson-annotations-2.10.1.jar;C:\Users\dziekonskit\.m2\repository\com\fasterxml\jackson\core\jackson-core\2.10.1\jackson-core-2.10.1.jar;C:\Users\dziekonskit\.m2\repository\com\fasterxml\jackson\datatype\jackson-datatype-jsr310\2.10.1\jackson-datatype-jsr310-2.10.1.jar;C:\Users\dziekonskit\.m2\repository\org\apache\velocity\velocity-engine-core\2.1\velocity-engine-core-2.1.jar;C:\Users\dziekonskit\.m2\repository\commons-collections\commons-collections\3.2.2\commons-collections-3.2.2.jar;C:\Users\dziekonskit\.m2\repository\joda-time\joda-time\2.10.5\joda-time-2.10.5.jar;C:\Users\dziekonskit\.m2\repository\org\codehaus\plexus\plexus-utils\3.3.0\plexus-utils-3.3.0.jar;C:\Users\dziekonskit\.m2\repository\com\googlecode\owasp-java-html-sanitizer\owasp-java-html-sanitizer\20191001.1\owasp-java-html-sanitizer-20191001.1.jar;C:\Users\dziekonskit\.m2\repository\commons-configuration\commons-configuration\1.10\commons-configuration-1.10.jar;C:\Users\dziekonskit\.m2\repository\commons-lang\commons-lang\2.6\commons-lang-2.6.jar;C:\Users\dziekonskit\.m2\repository\info\cukes\gherkin\2.12.2\gherkin-2.12.2.jar;"/>
    <property name="java.vm.vendor" value="Oracle Corporation"/>
    <property name="sun.arch.data.model" value="64"/>
    <property name="user.variant" value=""/>
    <property name="java.vendor.url" value="http://java.oracle.com/"/>
    <property name="user.timezone" value="Europe/Belgrade"/>
    <property name="user.country.format" value="PL"/>
    <property name="java.vm.specification.version" value="1.8"/>
    <property name="os.name" value="Windows 10"/>
    <property name="user.country" value="US"/>
    <property name="sun.java.launcher" value="SUN_STANDARD"/>
    <property name="sun.boot.library.path" value="C:\Program Files\Java\jdk1.8.0_201\jre\bin"/>
    <property name="sun.java.command" value="C:\Users\dziekonskit\AppData\Local\Temp\surefire5762987358394494524\surefirebooter3240055856633140883.jar C:\Users\dziekonskit\AppData\Local\Temp\surefire5762987358394494524 2021-09-23T18-34-48_392-jvmRun1 surefire1828485559359288542tmp surefire_06331586199913386365tmp"/>
    <property name="surefire.test.class.path" value="C:\Users\dziekonskit\IdeaProjects\HRProject\target\test-classes;C:\Users\dziekonskit\IdeaProjects\HRProject\target\classes;C:\Users\dziekonskit\.m2\repository\org\seleniumhq\selenium\selenium-java\3.141.59\selenium-java-3.141.59.jar;C:\Users\dziekonskit\.m2\repository\org\seleniumhq\selenium\selenium-api\3.141.59\selenium-api-3.141.59.jar;C:\Users\dziekonskit\.m2\repository\org\seleniumhq\selenium\selenium-chrome-driver\3.141.59\selenium-chrome-driver-3.141.59.jar;C:\Users\dziekonskit\.m2\repository\org\seleniumhq\selenium\selenium-edge-driver\3.141.59\selenium-edge-driver-3.141.59.jar;C:\Users\dziekonskit\.m2\repository\org\seleniumhq\selenium\selenium-firefox-driver\3.141.59\selenium-firefox-driver-3.141.59.jar;C:\Users\dziekonskit\.m2\repository\org\seleniumhq\selenium\selenium-ie-driver\3.141.59\selenium-ie-driver-3.141.59.jar;C:\Users\dziekonskit\.m2\repository\org\seleniumhq\selenium\selenium-opera-driver\3.141.59\selenium-opera-driver-3.141.59.jar;C:\Users\dziekonskit\.m2\repository\org\seleniumhq\selenium\selenium-remote-driver\3.141.59\selenium-remote-driver-3.141.59.jar;C:\Users\dziekonskit\.m2\repository\org\seleniumhq\selenium\selenium-safari-driver\3.141.59\selenium-safari-driver-3.141.59.jar;C:\Users\dziekonskit\.m2\repository\org\seleniumhq\selenium\selenium-support\3.141.59\selenium-support-3.141.59.jar;C:\Users\dziekonskit\.m2\repository\net\bytebuddy\byte-buddy\1.8.15\byte-buddy-1.8.15.jar;C:\Users\dziekonskit\.m2\repository\org\apache\commons\commons-exec\1.3\commons-exec-1.3.jar;C:\Users\dziekonskit\.m2\repository\com\google\guava\guava\25.0-jre\guava-25.0-jre.jar;C:\Users\dziekonskit\.m2\repository\com\google\code\findbugs\jsr305\1.3.9\jsr305-1.3.9.jar;C:\Users\dziekonskit\.m2\repository\org\checkerframework\checker-compat-qual\2.0.0\checker-compat-qual-2.0.0.jar;C:\Users\dziekonskit\.m2\repository\com\google\errorprone\error_prone_annotations\2.1.3\error_prone_annotations-2.1.3.jar;C:\Users\dziekonskit\.m2\repository\com\google\j2objc\j2objc-annotations\1.1\j2objc-annotations-1.1.jar;C:\Users\dziekonskit\.m2\repository\org\codehaus\mojo\animal-sniffer-annotations\1.14\animal-sniffer-annotations-1.14.jar;C:\Users\dziekonskit\.m2\repository\com\squareup\okhttp3\okhttp\3.11.0\okhttp-3.11.0.jar;C:\Users\dziekonskit\.m2\repository\com\squareup\okio\okio\1.14.0\okio-1.14.0.jar;C:\Users\dziekonskit\.m2\repository\org\aspectj\aspectjweaver\1.9.6\aspectjweaver-1.9.6.jar;C:\Users\dziekonskit\.m2\repository\org\testng\testng\7.4.0\testng-7.4.0.jar;C:\Users\dziekonskit\.m2\repository\com\beust\jcommander\1.78\jcommander-1.78.jar;C:\Users\dziekonskit\.m2\repository\org\webjars\jquery\3.5.1\jquery-3.5.1.jar;C:\Users\dziekonskit\.m2\repository\io\qameta\allure\allure-testng\2.14.0\allure-testng-2.14.0.jar;C:\Users\dziekonskit\.m2\repository\io\qameta\allure\allure-java-commons\2.14.0\allure-java-commons-2.14.0.jar;C:\Users\dziekonskit\.m2\repository\io\qameta\allure\allure-model\2.14.0\allure-model-2.14.0.jar;C:\Users\dziekonskit\.m2\repository\org\apache\tika\tika-core\1.26\tika-core-1.26.jar;C:\Users\dziekonskit\.m2\repository\org\jooq\joor-java-8\0.9.14\joor-java-8-0.9.14.jar;C:\Users\dziekonskit\.m2\repository\io\qameta\allure\allure-test-filter\2.14.0\allure-test-filter-2.14.0.jar;C:\Users\dziekonskit\.m2\repository\io\github\bonigarcia\webdrivermanager\4.2.2\webdrivermanager-4.2.2.jar;C:\Users\dziekonskit\.m2\repository\org\slf4j\slf4j-api\1.7.30\slf4j-api-1.7.30.jar;C:\Users\dziekonskit\.m2\repository\com\google\code\gson\gson\2.8.6\gson-2.8.6.jar;C:\Users\dziekonskit\.m2\repository\org\apache\commons\commons-lang3\3.11\commons-lang3-3.11.jar;C:\Users\dziekonskit\.m2\repository\org\apache\httpcomponents\client5\httpclient5\5.0.1\httpclient5-5.0.1.jar;C:\Users\dziekonskit\.m2\repository\org\apache\httpcomponents\core5\httpcore5\5.0.1\httpcore5-5.0.1.jar;C:\Users\dziekonskit\.m2\repository\org\apache\httpcomponents\core5\httpcore5-h2\5.0.1\httpcore5-h2-5.0.1.jar;C:\Users\dziekonskit\.m2\repository\commons-codec\commons-codec\1.13\commons-codec-1.13.jar;C:\Users\dziekonskit\.m2\repository\org\rauschig\jarchivelib\1.1.0\jarchivelib-1.1.0.jar;C:\Users\dziekonskit\.m2\repository\org\apache\commons\commons-compress\1.20\commons-compress-1.20.jar;C:\Users\dziekonskit\.m2\repository\org\jsoup\jsoup\1.13.1\jsoup-1.13.1.jar;C:\Users\dziekonskit\.m2\repository\com\aventstack\extentreports\3.1.5\extentreports-3.1.5.jar;C:\Users\dziekonskit\.m2\repository\org\freemarker\freemarker\2.3.23\freemarker-2.3.23.jar;C:\Users\dziekonskit\.m2\repository\org\mongodb\mongodb-driver\3.3.0\mongodb-driver-3.3.0.jar;C:\Users\dziekonskit\.m2\repository\org\mongodb\bson\3.3.0\bson-3.3.0.jar;C:\Users\dziekonskit\.m2\repository\org\mongodb\mongodb-driver-core\3.3.0\mongodb-driver-core-3.3.0.jar;C:\Users\dziekonskit\.m2\repository\org\apache\httpcomponents\httpclient\4.5.2\httpclient-4.5.2.jar;C:\Users\dziekonskit\.m2\repository\org\apache\httpcomponents\httpcore\4.4.4\httpcore-4.4.4.jar;C:\Users\dziekonskit\.m2\repository\commons-logging\commons-logging\1.2\commons-logging-1.2.jar;C:\Users\dziekonskit\.m2\repository\org\apache\httpcomponents\httpmime\4.5.2\httpmime-4.5.2.jar;C:\Users\dziekonskit\.m2\repository\commons-io\commons-io\2.4\commons-io-2.4.jar;C:\Users\dziekonskit\.m2\repository\log4j\log4j\1.2.17\log4j-1.2.17.jar;C:\Users\dziekonskit\.m2\repository\org\assertj\assertj-core\3.19.0\assertj-core-3.19.0.jar;C:\Users\dziekonskit\.m2\repository\org\slf4j\slf4j-simple\1.8.0-beta4\slf4j-simple-1.8.0-beta4.jar;C:\Users\dziekonskit\.m2\repository\io\cucumber\cucumber-testng\6.11.0\cucumber-testng-6.11.0.jar;C:\Users\dziekonskit\.m2\repository\org\apiguardian\apiguardian-api\1.1.2\apiguardian-api-1.1.2.jar;C:\Users\dziekonskit\.m2\repository\io\cucumber\cucumber-core\6.11.0\cucumber-core-6.11.0.jar;C:\Users\dziekonskit\.m2\repository\io\cucumber\cucumber-gherkin\6.11.0\cucumber-gherkin-6.11.0.jar;C:\Users\dziekonskit\.m2\repository\io\cucumber\cucumber-gherkin-messages\6.11.0\cucumber-gherkin-messages-6.11.0.jar;C:\Users\dziekonskit\.m2\repository\io\cucumber\messages\15.0.0\messages-15.0.0.jar;C:\Users\dziekonskit\.m2\repository\io\cucumber\tag-expressions\3.0.1\tag-expressions-3.0.1.jar;C:\Users\dziekonskit\.m2\repository\io\cucumber\cucumber-expressions\10.3.0\cucumber-expressions-10.3.0.jar;C:\Users\dziekonskit\.m2\repository\io\cucumber\datatable\3.5.0\datatable-3.5.0.jar;C:\Users\dziekonskit\.m2\repository\io\cucumber\cucumber-plugin\6.11.0\cucumber-plugin-6.11.0.jar;C:\Users\dziekonskit\.m2\repository\io\cucumber\docstring\6.11.0\docstring-6.11.0.jar;C:\Users\dziekonskit\.m2\repository\io\cucumber\html-formatter\13.0.0\html-formatter-13.0.0.jar;C:\Users\dziekonskit\.m2\repository\io\cucumber\create-meta\4.0.0\create-meta-4.0.0.jar;C:\Users\dziekonskit\.m2\repository\io\cucumber\cucumber-java\6.11.0\cucumber-java-6.11.0.jar;C:\Users\dziekonskit\.m2\repository\info\cukes\cucumber-jvm-deps\1.0.5\cucumber-jvm-deps-1.0.5.jar;C:\Users\dziekonskit\.m2\repository\net\masterthought\cucumber-reporting\5.0.2\cucumber-reporting-5.0.2.jar;C:\Users\dziekonskit\.m2\repository\com\fasterxml\jackson\core\jackson-databind\2.10.1\jackson-databind-2.10.1.jar;C:\Users\dziekonskit\.m2\repository\com\fasterxml\jackson\core\jackson-annotations\2.10.1\jackson-annotations-2.10.1.jar;C:\Users\dziekonskit\.m2\repository\com\fasterxml\jackson\core\jackson-core\2.10.1\jackson-core-2.10.1.jar;C:\Users\dziekonskit\.m2\repository\com\fasterxml\jackson\datatype\jackson-datatype-jsr310\2.10.1\jackson-datatype-jsr310-2.10.1.jar;C:\Users\dziekonskit\.m2\repository\org\apache\velocity\velocity-engine-core\2.1\velocity-engine-core-2.1.jar;C:\Users\dziekonskit\.m2\repository\commons-collections\commons-collections\3.2.2\commons-collections-3.2.2.jar;C:\Users\dziekonskit\.m2\repository\joda-time\joda-time\2.10.5\joda-time-2.10.5.jar;C:\Users\dziekonskit\.m2\repository\org\codehaus\plexus\plexus-utils\3.3.0\plexus-utils-3.3.0.jar;C:\Users\dziekonskit\.m2\repository\com\googlecode\owasp-java-html-sanitizer\owasp-java-html-sanitizer\20191001.1\owasp-java-html-sanitizer-20191001.1.jar;C:\Users\dziekonskit\.m2\repository\commons-configuration\commons-configuration\1.10\commons-configuration-1.10.jar;C:\Users\dziekonskit\.m2\repository\commons-lang\commons-lang\2.6\commons-lang-2.6.jar;C:\Users\dziekonskit\.m2\repository\info\cukes\gherkin\2.12.2\gherkin-2.12.2.jar;"/>
    <property name="sun.cpu.endian" value="little"/>
    <property name="user.home" value="C:\Users\dziekonskit"/>
    <property name="user.language" value="en"/>
    <property name="java.specification.vendor" value="Oracle Corporation"/>
    <property name="java.home" value="C:\Program Files\Java\jdk1.8.0_201\jre"/>
    <property name="basedir" value="C:\Users\dziekonskit\IdeaProjects\HRProject"/>
    <property name="file.separator" value="\"/>
    <property name="line.separator" value="&#10;"/>
    <property name="java.vm.specification.vendor" value="Oracle Corporation"/>
    <property name="java.specification.name" value="Java Platform API Specification"/>
    <property name="java.awt.graphicsenv" value="sun.awt.Win32GraphicsEnvironment"/>
    <property name="surefire.real.class.path" value="C:\Users\dziekonskit\AppData\Local\Temp\surefire5762987358394494524\surefirebooter3240055856633140883.jar"/>
    <property name="sun.boot.class.path" value="C:\Program Files\Java\jdk1.8.0_201\jre\lib\resources.jar;C:\Program Files\Java\jdk1.8.0_201\jre\lib\rt.jar;C:\Program Files\Java\jdk1.8.0_201\jre\lib\sunrsasign.jar;C:\Program Files\Java\jdk1.8.0_201\jre\lib\jsse.jar;C:\Program Files\Java\jdk1.8.0_201\jre\lib\jce.jar;C:\Program Files\Java\jdk1.8.0_201\jre\lib\charsets.jar;C:\Program Files\Java\jdk1.8.0_201\jre\lib\jfr.jar;C:\Program Files\Java\jdk1.8.0_201\jre\classes"/>
    <property name="user.script" value=""/>
    <property name="sun.management.compiler" value="HotSpot 64-Bit Tiered Compilers"/>
    <property name="java.runtime.version" value="1.8.0_201-b09"/>
    <property name="user.name" value="dziekonskit"/>
    <property name="path.separator" value=";"/>
    <property name="os.version" value="10.0"/>
    <property name="java.endorsed.dirs" value="C:\Program Files\Java\jdk1.8.0_201\jre\lib\endorsed"/>
    <property name="java.runtime.name" value="Java(TM) SE Runtime Environment"/>
    <property name="file.encoding" value="UTF-8"/>
    <property name="java.vm.name" value="Java HotSpot(TM) 64-Bit Server VM"/>
    <property name="localRepository" value="C:\Users\dziekonskit\.m2\repository"/>
    <property name="java.vendor.url.bug" value="http://bugreport.sun.com/bugreport/"/>
    <property name="java.io.tmpdir" value="C:\Users\DZIEKO~1\AppData\Local\Temp\"/>
    <property name="java.version" value="1.8.0_201"/>
    <property name="user.dir" value="C:\Users\dziekonskit\IdeaProjects\HRProject"/>
    <property name="os.arch" value="amd64"/>
    <property name="webdriver.gecko.driver" value="C:\Users\dziekonskit\.cache\selenium\geckodriver\win64\0.30.0\geckodriver.exe"/>
    <property name="java.vm.specification.name" value="Java Virtual Machine Specification"/>
    <property name="java.awt.printerjob" value="sun.awt.windows.WPrinterJob"/>
    <property name="user.language.format" value="pl"/>
    <property name="sun.os.patch.level" value=""/>
    <property name="java.library.path" value="C:\Program Files\Java\jdk1.8.0_201\jre\bin;C:\WINDOWS\Sun\Java\bin;C:\WINDOWS\system32;C:\WINDOWS;C:\Program Files\AdoptOpenJDK\jdk-11.0.8.10-hotspot\bin;C:\Program Files (x86)\Integrity\ILMClient11\bin;C:\Program Files (x86)\Common Files\Oracle\Java\javapath;C:\Program Files\RSA SecurID Token Common;C:\Program Files\Java\jdk1.8.0_201\bin;C:\WINDOWS\system32;C:\WINDOWS;C:\WINDOWS\System32\Wbem;C:\WINDOWS\System32\WindowsPowerShell\v1.0\;C:\Program Files\nodejs;C:\Users\dziekonskit\AppData\Roaming\npm;C:\Program Files\Microsoft SQL Server\110\Tools\Binn\;C:\Program Files\Git\cmd;C:\Program Files\Notepad++;C:\Program Files\TortoiseGit\bin;C:\PROGRA~2\INTEGR~1\Toolkit\mksnt;C:\Strawberry\c\bin;C:\Strawberry\perl\site\bin;C:\Strawberry\perl\bin;C:\Users\dziekonskit\IdeaProjects\selenium\drivers\IEDriver;C:\Users\dziekonskit\scoop\shims;C:\Users\dziekonskit\AppData\Local\Microsoft\WindowsApps;C:\Program Files\nodejs;C:\Users\dziekonskit\AppData\Roaming\npm;C:\Program Files\JetBrains\IntelliJ IDEA Community Edition 2018.3.4\bin;;C:\Users\dziekonskit\Desktop\Java\maven\apache-maven-3.6.3\bin;;."/>
    <property name="java.vm.info" value="mixed mode"/>
    <property name="java.vendor" value="Oracle Corporation"/>
    <property name="java.vm.version" value="25.201-b09"/>
    <property name="java.ext.dirs" value="C:\Program Files\Java\jdk1.8.0_201\jre\lib\ext;C:\WINDOWS\Sun\Java\lib\ext"/>
    <property name="sun.io.unicode.encoding" value="UnicodeLittle"/>
    <property name="java.class.version" value="52.0"/>
  </properties>
  <testcase name="LogIn" classname="PersonalInfoTest" time="5.216">
    <system-err><![CDATA[SLF4J: Failed to load class "org.slf4j.impl.StaticLoggerBinder".
SLF4J: Defaulting to no-operation (NOP) logger implementation
SLF4J: See http://www.slf4j.org/codes.html#StaticLoggerBinder for further details.
1632414891903	geckodriver	INFO	Listening on 127.0.0.1:6572
1632414892806	mozrunner::runner	INFO	Running command: "C:\\Program Files\\Mozilla Firefox\\firefox.exe" "--marionette" "-no-remote" "-profile" "C:\\Users\\DZIEKO~1\\AppData\\Local\\Temp\\rust_mozprofilerLWDR1"
console.error: Policies.jsm: 
  Invalid ExtensionSettings
1632414893742	Marionette	INFO	Marionette enabled
console.warn: SearchSettings: "get: No settings file exists, new profile?" (new NotFoundError("Could not open the file at C:\\Users\\dziekonskit\\AppData\\Local\\Temp\\rust_mozprofilerLWDR1\\search.json.mozlz4", (void 0)))
1632414896083	Marionette	INFO	Listening on port 55919
1632414896192	RemoteAgent	WARN	TLS certificate errors will be ignored for this session
wrz 23, 2021 6:34:56 PM org.openqa.selenium.remote.ProtocolHandshake createSession
INFO: Detected dialect: W3C
]]></system-err>
  </testcase>
  <testcase name="ItShouldBePossibleToEditEmployeeInformation" classname="PersonalInfoTest" time="9.235"/>
  <testcase name="LogOut" classname="PersonalInfoTest" time="1.07"/>
  <testcase name="LogIn" classname="BuzzTest" time="4.829">
    <system-err><![CDATA[1632414912317	Marionette	INFO	Stopped listening on port 55919
JavaScript error: resource:///modules/Interactions.jsm, line 230: NS_ERROR_FAILURE: Component returned failure code: 0x80004005 (NS_ERROR_FAILURE) [nsIUserIdleService.removeIdleObserver]

###!!! [Parent][RunMessage] Error: Channel closing: too late to send/recv, messages will be lost

1632414913274	geckodriver	INFO	Listening on 127.0.0.1:17257
1632414913834	mozrunner::runner	INFO	Running command: "C:\\Program Files\\Mozilla Firefox\\firefox.exe" "--marionette" "-no-remote" "-profile" "C:\\Users\\DZIEKO~1\\AppData\\Local\\Temp\\rust_mozprofilehd8ZKa"
console.error: Policies.jsm: 
  Invalid ExtensionSettings
1632414914999	Marionette	INFO	Marionette enabled
console.warn: SearchSettings: "get: No settings file exists, new profile?" (new NotFoundError("Could not open the file at C:\\Users\\dziekonskit\\AppData\\Local\\Temp\\rust_mozprofilehd8ZKa\\search.json.mozlz4", (void 0)))
1632414917262	Marionette	INFO	Listening on port 56007
1632414917729	RemoteAgent	WARN	TLS certificate errors will be ignored for this session
wrz 23, 2021 6:35:17 PM org.openqa.selenium.remote.ProtocolHandshake createSession
INFO: Detected dialect: W3C
]]></system-err>
  </testcase>
  <testcase name="itShouldBePossibleToWriteAPost" classname="BuzzTest" time="0">
    <skipped message="The following asserts failed:&#10;	Incorrect welcome message expected [true] but found [false]"/>
    <system-out><![CDATA[Welcome Tom
]]></system-out>
  </testcase>
  <testcase name="itShouldBePossibleToWriteAPost" classname="BuzzTest" time="0">
    <skipped message="The following asserts failed:&#10;	Incorrect welcome message expected [true] but found [false],&#10;	Incorrect welcome message expected [true] but found [false]"/>
    <system-out><![CDATA[Welcome Tom
]]></system-out>
  </testcase>
  <testcase name="itShouldBePossibleToWriteAPost" classname="BuzzTest" time="0">
    <skipped message="The following asserts failed:&#10;	Incorrect welcome message expected [true] but found [false],&#10;	Incorrect welcome message expected [true] but found [false],&#10;	Incorrect welcome message expected [true] but found [false]"/>
    <system-out><![CDATA[Welcome Tom
]]></system-out>
  </testcase>
  <testcase name="itShouldBePossibleToWriteAPost" classname="BuzzTest" time="0.936">
    <failure message="The following asserts failed:&#10;	Incorrect welcome message expected [true] but found [false],&#10;	Incorrect welcome message expected [true] but found [false],&#10;	Incorrect welcome message expected [true] but found [false],&#10;	Incorrect welcome message expected [true] but found [false]" type="java.lang.AssertionError"><![CDATA[java.lang.AssertionError: 
The following asserts failed:
	Incorrect welcome message expected [true] but found [false],
	Incorrect welcome message expected [true] but found [false],
	Incorrect welcome message expected [true] but found [false],
	Incorrect welcome message expected [true] but found [false]
	at BuzzTest.itShouldBePossibleToWriteAPost(BuzzTest.java:36)
]]></failure>
    <system-out><![CDATA[Welcome Tom
I am in onTestFailure method itShouldBePossibleToWriteAPost failed
Screenshot captured for test case:itShouldBePossibleToWriteAPost
]]></system-out>
  </testcase>
  <testcase name="LogOut" classname="BuzzTest" time="0">
    <skipped message="Element &lt;a href=&quot;/index.php/auth/logout&quot;&gt; could not be scrolled into view&#10;Build info: version: &apos;3.141.59&apos;, revision: &apos;e82be7d358&apos;, time: &apos;2018-11-14T08:17:03&apos;&#10;System info: host: &apos;L0427&apos;, ip: &apos;10.0.75.1&apos;, os.name: &apos;Windows 10&apos;, os.arch: &apos;amd64&apos;, os.version: &apos;10.0&apos;, java.version: &apos;1.8.0_201&apos;&#10;Driver info: org.openqa.selenium.firefox.FirefoxDriver&#10;Capabilities {acceptInsecureCerts: true, browserName: firefox, browserVersion: 92.0, javascriptEnabled: true, moz:accessibilityChecks: false, moz:buildID: 20210903235534, moz:geckodriverVersion: 0.30.0, moz:headless: false, moz:processID: 128, moz:profile: C:\Users\dziekonskit\AppDat..., moz:shutdownTimeout: 60000, moz:useNonSpecCompliantPointerOrigin: false, moz:webdriverClick: true, pageLoadStrategy: normal, platform: WINDOWS, platformName: WINDOWS, platformVersion: 10.0, proxy: Proxy(), setWindowRect: true, strictFileInteractability: false, timeouts: {implicit: 0, pageLoad: 300000, script: 30000}, unhandledPromptBehavior: dismiss and notify}&#10;Session ID: e8f44f8a-9c33-451b-9952-20002ac96a5d"/>
  </testcase>
  <testcase name="LogOut" classname="BuzzTest" time="0.854"/>
  <testcase name="itShouldNotBePossibleToLogInWithEmptyUserCredentials" classname="EmptyCredentialsTest" time="3.53">
    <system-err><![CDATA[1632414930272	Marionette	INFO	Stopped listening on port 56007
JavaScript error: resource:///modules/Interactions.jsm, line 230: NS_ERROR_FAILURE: Component returned failure code: 0x80004005 (NS_ERROR_FAILURE) [nsIUserIdleService.removeIdleObserver]

###!!! [Parent][RunMessage] Error: Channel closing: too late to send/recv, messages will be lost

1632414931471	geckodriver	INFO	Listening on 127.0.0.1:18597
1632414932031	mozrunner::runner	INFO	Running command: "C:\\Program Files\\Mozilla Firefox\\firefox.exe" "--marionette" "-no-remote" "-profile" "C:\\Users\\DZIEKO~1\\AppData\\Local\\Temp\\rust_mozprofile5wOAl6"
console.error: Policies.jsm: 
  Invalid ExtensionSettings
1632414933335	Marionette	INFO	Marionette enabled
console.warn: SearchSettings: "get: No settings file exists, new profile?" (new NotFoundError("Could not open the file at C:\\Users\\dziekonskit\\AppData\\Local\\Temp\\rust_mozprofile5wOAl6\\search.json.mozlz4", (void 0)))
1632414935620	Marionette	INFO	Listening on port 56096
1632414935964	RemoteAgent	WARN	TLS certificate errors will be ignored for this session
wrz 23, 2021 6:35:36 PM org.openqa.selenium.remote.ProtocolHandshake createSession
INFO: Detected dialect: W3C
]]></system-err>
  </testcase>
  <testcase name="ItShouldNotBePossibleToResetUserPasswordWithoutProvidingUsername" classname="EmptyPasswordResetTest" time="3.533">
    <system-err><![CDATA[1632414939877	Marionette	INFO	Stopped listening on port 56096
JavaScript error: resource:///modules/Interactions.jsm, line 230: NS_ERROR_FAILURE: Component returned failure code: 0x80004005 (NS_ERROR_FAILURE) [nsIUserIdleService.removeIdleObserver]
1632414940621	geckodriver	INFO	Listening on 127.0.0.1:12283
1632414941196	mozrunner::runner	INFO	Running command: "C:\\Program Files\\Mozilla Firefox\\firefox.exe" "--marionette" "-no-remote" "-profile" "C:\\Users\\DZIEKO~1\\AppData\\Local\\Temp\\rust_mozprofile0noLLv"
console.error: Policies.jsm: 
  Invalid ExtensionSettings
1632414942403	Marionette	INFO	Marionette enabled
console.warn: SearchSettings: "get: No settings file exists, new profile?" (new NotFoundError("Could not open the file at C:\\Users\\dziekonskit\\AppData\\Local\\Temp\\rust_mozprofile0noLLv\\search.json.mozlz4", (void 0)))
1632414944662	Marionette	INFO	Listening on port 56166
1632414945127	RemoteAgent	WARN	TLS certificate errors will be ignored for this session
wrz 23, 2021 6:35:45 PM org.openqa.selenium.remote.ProtocolHandshake createSession
INFO: Detected dialect: W3C
]]></system-err>
  </testcase>
  <testcase name="itShouldNotBePossibleToLogInWithAnInvalidUsername" classname="InvalidCredentialsTest" time="3.917">
    <system-out><![CDATA[09-23-2021 18:35:54 InvalidCredentialsTest.java DEBUG [main] InvalidCredentialsTest 24 - DEBUG TEST
]]></system-out>
    <system-err><![CDATA[1632414949096	Marionette	INFO	Stopped listening on port 56166
JavaScript error: resource:///modules/Interactions.jsm, line 230: NS_ERROR_FAILURE: Component returned failure code: 0x80004005 (NS_ERROR_FAILURE) [nsIUserIdleService.removeIdleObserver]

###!!! [Parent][RunMessage] Error: Channel closing: too late to send/recv, messages will be lost

1632414950083	geckodriver	INFO	Listening on 127.0.0.1:8198
1632414950611	mozrunner::runner	INFO	Running command: "C:\\Program Files\\Mozilla Firefox\\firefox.exe" "--marionette" "-no-remote" "-profile" "C:\\Users\\DZIEKO~1\\AppData\\Local\\Temp\\rust_mozprofileIZAMGl"
console.error: Policies.jsm: 
  Invalid ExtensionSettings
1632414951422	Marionette	INFO	Marionette enabled
console.warn: SearchSettings: "get: No settings file exists, new profile?" (new NotFoundError("Could not open the file at C:\\Users\\dziekonskit\\AppData\\Local\\Temp\\rust_mozprofileIZAMGl\\search.json.mozlz4", (void 0)))
1632414953836	Marionette	INFO	Listening on port 56226
1632414953909	RemoteAgent	WARN	TLS certificate errors will be ignored for this session
wrz 23, 2021 6:35:53 PM org.openqa.selenium.remote.ProtocolHandshake createSession
INFO: Detected dialect: W3C
]]></system-err>
  </testcase>
  <testcase name="LogIn" classname="TestNGRetryTest" time="3.807">
    <system-err><![CDATA[1632414958158	Marionette	INFO	Stopped listening on port 56226
JavaScript error: resource:///modules/Interactions.jsm, line 230: NS_ERROR_FAILURE: Component returned failure code: 0x80004005 (NS_ERROR_FAILURE) [nsIUserIdleService.removeIdleObserver]

###!!! [Parent][RunMessage] Error: Channel closing: too late to send/recv, messages will be lost

1632414959223	geckodriver	INFO	Listening on 127.0.0.1:14126
1632414959786	mozrunner::runner	INFO	Running command: "C:\\Program Files\\Mozilla Firefox\\firefox.exe" "--marionette" "-no-remote" "-profile" "C:\\Users\\DZIEKO~1\\AppData\\Local\\Temp\\rust_mozprofileTzgU0v"
console.error: Policies.jsm: 
  Invalid ExtensionSettings
1632414960907	Marionette	INFO	Marionette enabled
console.warn: SearchSettings: "get: No settings file exists, new profile?" (new NotFoundError("Could not open the file at C:\\Users\\dziekonskit\\AppData\\Local\\Temp\\rust_mozprofileTzgU0v\\search.json.mozlz4", (void 0)))
1632414963206	Marionette	INFO	Listening on port 56286
1632414963663	RemoteAgent	WARN	TLS certificate errors will be ignored for this session
wrz 23, 2021 6:36:03 PM org.openqa.selenium.remote.ProtocolHandshake createSession
INFO: Detected dialect: W3C
]]></system-err>
  </testcase>
  <testcase name="ItShouldBePossibleToResetUserPassword" classname="ValidPasswordResetTest" time="8.359">
    <system-err><![CDATA[1632414967955	geckodriver	INFO	Listening on 127.0.0.1:37796
1632414968483	mozrunner::runner	INFO	Running command: "C:\\Program Files\\Mozilla Firefox\\firefox.exe" "--marionette" "-no-remote" "-profile" "C:\\Users\\DZIEKO~1\\AppData\\Local\\Temp\\rust_mozprofilexO3b3d"
console.error: Policies.jsm: 
  Invalid ExtensionSettings
1632414969708	Marionette	INFO	Marionette enabled
console.warn: SearchSettings: "get: No settings file exists, new profile?" (new NotFoundError("Could not open the file at C:\\Users\\dziekonskit\\AppData\\Local\\Temp\\rust_mozprofilexO3b3d\\search.json.mozlz4", (void 0)))
1632414972059	Marionette	INFO	Listening on port 56354
1632414972343	RemoteAgent	WARN	TLS certificate errors will be ignored for this session
wrz 23, 2021 6:36:12 PM org.openqa.selenium.remote.ProtocolHandshake createSession
INFO: Detected dialect: W3C
]]></system-err>
  </testcase>
  <testcase name="LogIn" classname="WindowHandlingTest" time="5.991">
    <system-err><![CDATA[1632414981092	Marionette	INFO	Stopped listening on port 56354
JavaScript error: resource:///modules/Interactions.jsm, line 230: NS_ERROR_FAILURE: Component returned failure code: 0x80004005 (NS_ERROR_FAILURE) [nsIUserIdleService.removeIdleObserver]
1632414981858	geckodriver	INFO	Listening on 127.0.0.1:39781
1632414982415	mozrunner::runner	INFO	Running command: "C:\\Program Files\\Mozilla Firefox\\firefox.exe" "--marionette" "-no-remote" "-profile" "C:\\Users\\DZIEKO~1\\AppData\\Local\\Temp\\rust_mozprofile3IOoWj"
console.error: Policies.jsm: 
  Invalid ExtensionSettings
1632414983763	Marionette	INFO	Marionette enabled
console.warn: SearchSettings: "get: No settings file exists, new profile?" (new NotFoundError("Could not open the file at C:\\Users\\dziekonskit\\AppData\\Local\\Temp\\rust_mozprofile3IOoWj\\search.json.mozlz4", (void 0)))
1632414986165	Marionette	INFO	Listening on port 56431
1632414986320	RemoteAgent	WARN	TLS certificate errors will be ignored for this session
wrz 23, 2021 6:36:26 PM org.openqa.selenium.remote.ProtocolHandshake createSession
INFO: Detected dialect: W3C
]]></system-err>
  </testcase>
  <testcase name="ItShouldBePossibleToLaunchTheHelpWindow" classname="WindowHandlingTest" time="3.415">
    <system-err><![CDATA[1632414994970	Marionette	WARN	Ignoring event 'DOMContentLoaded' because document has an invalid readyState of 'complete'.
]]></system-err>
  </testcase>
  <testcase name="LogOut" classname="WindowHandlingTest" time="1.045"/>
</testsuite>