<?xml version="1.0" encoding="UTF-8"?>
<!-- Generated by org.testng.reporters.JUnitReportReporter -->
<testsuite skipped="0" hostname="L0427" name="PersonalInfoTest" tests="3" failures="0" timestamp="2021-09-23T18:36:38 CEST" time="15.572" errors="0">
  <testcase name="LogIn" time="5.267" classname="PersonalInfoTest"/>
  <system-out/>
  <testcase name="ItShouldBePossibleToEditEmployeeInformation" time="9.235" classname="PersonalInfoTest"/>
  <system-out/>
  <testcase name="LogOut" time="1.070" classname="PersonalInfoTest"/>
  <system-out/>
</testsuite> <!-- PersonalInfoTest -->
