<?xml version="1.0" encoding="UTF-8"?>
<!-- Generated by org.testng.reporters.JUnitReportReporter -->
<testsuite skipped="0" hostname="L0427" name="PersonalInfoTest" tests="3" failures="0" timestamp="2021-08-06T17:04:20 CEST" time="14.047" errors="0">
  <testcase name="LogIn" time="4.668" classname="PersonalInfoTest"/>
  <system-out/>
  <testcase name="ItShouldBePossibleToEditEmployeeInformation" time="8.450" classname="PersonalInfoTest"/>
  <system-out/>
  <testcase name="LogOut" time="0.929" classname="PersonalInfoTest"/>
  <system-out/>
</testsuite> <!-- PersonalInfoTest -->
