<?xml version="1.0" encoding="UTF-8"?>
<!-- Generated by org.testng.reporters.JUnitReportReporter -->
<testsuite skipped="0" hostname="L0427" name="BuzzTest" tests="3" failures="0" timestamp="2021-07-03T09:59:32 CEST" time="8.594" errors="0">
  <testcase name="LogIn" time="5.399" classname="BuzzTest"/>
  <system-out/>
  <testcase name="WriteAPost" time="2.310" classname="BuzzTest"/>
  <system-out/>
  <testcase name="LogOut" time="0.885" classname="BuzzTest"/>
  <system-out/>
</testsuite> <!-- BuzzTest -->
