<?xml version="1.0" encoding="UTF-8"?>
<!-- Generated by org.testng.reporters.JUnitReportReporter -->
<testsuite skipped="0" hostname="L0427" name="InvalidCredentialsTest" tests="1" failures="0" timestamp="2021-09-23T18:36:38 CEST" time="3.919" errors="0">
  <testcase name="itShouldNotBePossibleToLogInWithAnInvalidUsername" time="3.919" classname="InvalidCredentialsTest"/>
  <system-out/>
</testsuite> <!-- InvalidCredentialsTest -->
