<?xml version="1.0" encoding="UTF-8"?>
<!-- Generated by org.testng.reporters.JUnitReportReporter -->
<testsuite skipped="0" hostname="L0427" name="WindowHandlingTest" tests="3" failures="0" timestamp="2021-09-23T18:36:38 CEST" time="10.555" errors="0">
  <testcase name="LogIn" time="6.101" classname="WindowHandlingTest"/>
  <system-out/>
  <testcase name="ItShouldBePossibleToLaunchTheHelpWindow" time="3.401" classname="WindowHandlingTest"/>
  <system-out/>
  <testcase name="LogOut" time="1.053" classname="WindowHandlingTest"/>
  <system-out/>
</testsuite> <!-- WindowHandlingTest -->
