<?xml version="1.0" encoding="UTF-8"?>
<!-- Generated by org.testng.reporters.JUnitReportReporter -->
<testsuite skipped="0" hostname="L0427" name="TestNGRetryTest" tests="1" failures="0" timestamp="2021-09-23T18:36:38 CEST" time="3.836" errors="0">
  <testcase name="LogIn" time="3.836" classname="TestNGRetryTest"/>
  <system-out/>
</testsuite> <!-- TestNGRetryTest -->
