<?xml version="1.0" encoding="UTF-8"?>
<!-- Generated by org.testng.reporters.JUnitReportReporter -->
<testsuite skipped="0" hostname="L0427" name="EmptyPasswordResetTest" tests="1" failures="0" timestamp="2021-09-23T18:36:38 CEST" time="3.645" errors="0">
  <testcase name="ItShouldNotBePossibleToResetUserPasswordWithoutProvidingUsername" time="3.645" classname="EmptyPasswordResetTest"/>
  <system-out/>
</testsuite> <!-- EmptyPasswordResetTest -->
