<?xml version="1.0" encoding="UTF-8"?>
<!-- Generated by org.testng.reporters.JUnitReportReporter -->
<testsuite skipped="4" hostname="L0427" name="BuzzTest" tests="7" failures="1" timestamp="2021-09-23T18:36:38 CEST" time="11.954" errors="0">
  <testcase name="LogIn" time="4.854" classname="BuzzTest"/>
  <system-out/>
  <testcase name="itShouldBePossibleToWriteAPost" time="0.700" classname="BuzzTest">
    <failure type="java.lang.AssertionError" message="The following asserts failed:
	Incorrect welcome message expected [true] but found [false],
	Incorrect welcome message expected [true] but found [false],
	Incorrect welcome message expected [true] but found [false],
	Incorrect welcome message expected [true] but found [false]">
      <![CDATA[java.lang.AssertionError: The following asserts failed:
Incorrect welcome message expected [true] but found [false],
Incorrect welcome message expected [true] but found [false],
Incorrect welcome message expected [true] but found [false],
Incorrect welcome message expected [true] but found [false]
at org.testng.asserts.SoftAssert.assertAll(SoftAssert.java:47)
at org.testng.asserts.SoftAssert.assertAll(SoftAssert.java:31)
at BuzzTest.itShouldBePossibleToWriteAPost(BuzzTest.java:36)
at sun.reflect.NativeMethodAccessorImpl.invoke0(Native Method)
at sun.reflect.NativeMethodAccessorImpl.invoke(NativeMethodAccessorImpl.java:62)
at sun.reflect.DelegatingMethodAccessorImpl.invoke(DelegatingMethodAccessorImpl.java:43)
at java.lang.reflect.Method.invoke(Method.java:498)
at org.testng.internal.MethodInvocationHelper.invokeMethod(MethodInvocationHelper.java:133)
at org.testng.internal.TestInvoker.invokeMethod(TestInvoker.java:598)
at org.testng.internal.TestInvoker.retryFailed(TestInvoker.java:213)
at org.testng.internal.MethodRunner.runInSequence(MethodRunner.java:58)
at org.testng.internal.TestInvoker$MethodInvocationAgent.invoke(TestInvoker.java:824)
at org.testng.internal.TestInvoker.invokeTestMethods(TestInvoker.java:146)
at org.testng.internal.TestMethodWorker.invokeTestMethods(TestMethodWorker.java:146)
at org.testng.internal.TestMethodWorker.run(TestMethodWorker.java:128)
at java.util.ArrayList.forEach(ArrayList.java:1257)
at org.testng.TestRunner.privateRun(TestRunner.java:794)
at org.testng.TestRunner.run(TestRunner.java:596)
at org.testng.SuiteRunner.runTest(SuiteRunner.java:377)
at org.testng.SuiteRunner.runSequentially(SuiteRunner.java:371)
at org.testng.SuiteRunner.privateRun(SuiteRunner.java:332)
at org.testng.SuiteRunner.run(SuiteRunner.java:276)
at org.testng.SuiteRunnerWorker.runSuite(SuiteRunnerWorker.java:53)
at org.testng.SuiteRunnerWorker.run(SuiteRunnerWorker.java:96)
at org.testng.TestNG.runSuitesSequentially(TestNG.java:1212)
at org.testng.TestNG.runSuitesLocally(TestNG.java:1134)
at org.testng.TestNG.runSuites(TestNG.java:1063)
at org.testng.TestNG.run(TestNG.java:1031)
at org.apache.maven.surefire.testng.TestNGExecutor.run(TestNGExecutor.java:284)
at org.apache.maven.surefire.testng.TestNGXmlTestSuite.execute(TestNGXmlTestSuite.java:75)
at org.apache.maven.surefire.testng.TestNGProvider.invoke(TestNGProvider.java:119)
at org.apache.maven.surefire.booter.ForkedBooter.runSuitesInProcess(ForkedBooter.java:428)
at org.apache.maven.surefire.booter.ForkedBooter.execute(ForkedBooter.java:162)
at org.apache.maven.surefire.booter.ForkedBooter.run(ForkedBooter.java:562)
at org.apache.maven.surefire.booter.ForkedBooter.main(ForkedBooter.java:548)
]]>
    </failure>
  </testcase> <!-- itShouldBePossibleToWriteAPost -->
  <system-out/>
  <testcase name="itShouldBePossibleToWriteAPost" time="0.775" classname="BuzzTest">
    <skipped/>
  </testcase> <!-- itShouldBePossibleToWriteAPost -->
  <system-out/>
  <testcase name="itShouldBePossibleToWriteAPost" time="0.845" classname="BuzzTest">
    <skipped/>
  </testcase> <!-- itShouldBePossibleToWriteAPost -->
  <system-out/>
  <testcase name="itShouldBePossibleToWriteAPost" time="2.311" classname="BuzzTest">
    <skipped/>
  </testcase> <!-- itShouldBePossibleToWriteAPost -->
  <system-out/>
  <testcase name="LogOut" time="1.616" classname="BuzzTest">
    <skipped/>
  </testcase> <!-- LogOut -->
  <system-out/>
  <testcase name="LogOut" time="0.853" classname="BuzzTest"/>
  <system-out/>
</testsuite> <!-- BuzzTest -->
