<?xml version="1.0" encoding="UTF-8"?>
<!-- Generated by org.testng.reporters.JUnitReportReporter -->
<testsuite skipped="0" hostname="L0427" name="ValidPasswordResetTest" tests="1" failures="0" timestamp="2021-09-23T18:36:38 CEST" time="8.426" errors="0">
  <testcase name="ItShouldBePossibleToResetUserPassword" time="8.426" classname="ValidPasswordResetTest"/>
  <system-out/>
</testsuite> <!-- ValidPasswordResetTest -->
